# Logfile created on Thu Feb 24 13:50:52 +0530 2011 by logger.rb/22285
D, [2011-02-24T13:50:52.758663 #2237] DEBUG -- : file /Users/path/Movies/anime/bakemonogatari/[gg]_Bakemonogatari_-_05_[DCE35CB6].mkv has ed2k hash 77fbac4eb384c58b3ebf9da215185248
D, [2011-02-24T13:50:58.061527 #2237] DEBUG -- : file /Users/path/Movies/anime/bakemonogatari/[gg]_Bakemonogatari_-_05_[DCE35CB6].mkv identified as {:fid=>620160, :file=>{:length=>"1450", :quality=>"very high", :video_resolution=>"1280x720", :source=>"HDTV", :sub_language=>"english", :gid=>"2812", :dub_language=>"japanese", :eid=>"105499", :aid=>"6327"}, :anime=>{:type=>"TV Series", :ep_romaji_name=>"Mayoi Maimai Sono San", :highest_episode_number=>"12", :group_name=>"gg", :english_name=>"", :group_short_name=>"gg", :romaji_name=>"Bakemonogatari", :year=>"2009-2009", :epno=>"05", :ep_english_name=>"Mayoi Snail - Part 3"}}
I, [2011-02-24T13:50:58.062108 #2237]  INFO -- : have to rename /Users/path/Movies/anime/bakemonogatari/[gg]_Bakemonogatari_-_05_[DCE35CB6].mkv using Bakemonogatari/Bakemonogatari - episode 05 [gg]
D, [2011-02-24T13:51:00.043562 #2237] DEBUG -- : file /Users/path/Movies/anime/bakemonogatari/[gg]_Bakemonogatari_-_06_[C0D344D1].mkv has ed2k hash a4e55cf59f432ff4ac62ff353a313fd3
D, [2011-02-24T13:51:02.843682 #2237] DEBUG -- : file /Users/path/Movies/anime/bakemonogatari/[gg]_Bakemonogatari_-_06_[C0D344D1].mkv identified as {:fid=>623413, :file=>{:length=>"1450", :quality=>"very high", :video_resolution=>"1280x720", :source=>"HDTV", :sub_language=>"english", :gid=>"2812", :dub_language=>"japanese", :eid=>"105714", :aid=>"6327"}, :anime=>{:type=>"TV Series", :ep_romaji_name=>"Suruga Monkey Sono Ichi", :highest_episode_number=>"12", :group_name=>"gg", :english_name=>"", :group_short_name=>"gg", :romaji_name=>"Bakemonogatari", :year=>"2009-2009", :epno=>"06", :ep_english_name=>"Suruga Monkey - Part 1"}}
I, [2011-02-24T13:51:02.844228 #2237]  INFO -- : have to rename /Users/path/Movies/anime/bakemonogatari/[gg]_Bakemonogatari_-_06_[C0D344D1].mkv using Bakemonogatari/Bakemonogatari - episode 06 [gg]
D, [2011-02-24T13:51:08.741487 #2237] DEBUG -- : file /Users/path/Movies/anime/bakemonogatari/[gg]_Bakemonogatari_-_07_[D36999C8].mkv has ed2k hash 88e845acedb03d0f4380664590b0f7d8
D, [2011-02-24T13:51:08.825351 #2237] DEBUG -- : file /Users/path/Movies/anime/bakemonogatari/Bounty Dog - 01 [Shinnew].srt has ed2k hash f9982b14d728555ca6410ff9e2af9df9
D, [2011-02-24T13:51:11.367985 #2237] DEBUG -- : file /Users/path/Movies/anime/bakemonogatari/[gg]_Bakemonogatari_-_07_[D36999C8].mkv identified as {:fid=>628929, :file=>{:length=>"1465", :quality=>"very high", :video_resolution=>"1280x720", :source=>"HDTV", :sub_language=>"english", :gid=>"2812", :dub_language=>"japanese", :eid=>"105713", :aid=>"6327"}, :anime=>{:type=>"TV Series", :ep_romaji_name=>"Suruga Monkey Sono Ni", :highest_episode_number=>"12", :group_name=>"gg", :english_name=>"", :group_short_name=>"gg", :romaji_name=>"Bakemonogatari", :year=>"2009-2009", :epno=>"07", :ep_english_name=>"Suruga Monkey - Part 2"}}
I, [2011-02-24T13:51:11.368265 #2237]  INFO -- : have to rename /Users/path/Movies/anime/bakemonogatari/[gg]_Bakemonogatari_-_07_[D36999C8].mkv using Bakemonogatari/Bakemonogatari - episode 07 [gg]
D, [2011-02-24T13:51:13.987319 #2237] DEBUG -- : file /Users/path/Movies/anime/bakemonogatari/Bounty Dog - 01 [Shinnew].srt identified as nil
I, [2011-02-24T13:51:13.987879 #2237]  INFO -- : file /Users/path/Movies/anime/bakemonogatari/Bounty Dog - 01 [Shinnew].srt is unknown
D, [2011-02-24T13:51:19.626843 #2237] DEBUG -- : file /Users/path/Movies/anime/bakemonogatari/Bounty Dog - episode 1 [unknown].avi has ed2k hash 746c17d7beb11c8124bec583951215bd
D, [2011-02-24T13:51:19.667625 #2237] DEBUG -- : file /Users/path/Movies/anime/bakemonogatari/tvshow.nfo has ed2k hash 418e795915f5e240fdc2a9c0f75d6c1c
D, [2011-02-24T13:51:22.299590 #2237] DEBUG -- : file /Users/path/Movies/anime/bakemonogatari/Bounty Dog - episode 1 [unknown].avi identified as {:fid=>271926, :file=>{:length=>"1778", :quality=>"high", :video_resolution=>"640x480", :source=>"LD", :sub_language=>"none", :gid=>"0", :dub_language=>"japanese", :eid=>"26772", :aid=>"1179"}, :anime=>{:type=>"OVA", :ep_romaji_name=>"", :highest_episode_number=>"2", :group_name=>"raw/unknown", :english_name=>"", :group_short_name=>"raw", :romaji_name=>"Bounty Dog: Getsumen no Ibu", :year=>"1994-1994", :epno=>"1", :ep_english_name=>"Code 1"}}
I, [2011-02-24T13:51:22.299811 #2237]  INFO -- : have to rename /Users/path/Movies/anime/bakemonogatari/Bounty Dog - episode 1 [unknown].avi using Bounty Dog: Getsumen no Ibu/Bounty Dog: Getsumen no Ibu - episode 1 [raw]
D, [2011-02-24T13:51:24.857146 #2237] DEBUG -- : file /Users/path/Movies/anime/bakemonogatari/tvshow.nfo identified as nil
I, [2011-02-24T13:51:24.857261 #2237]  INFO -- : file /Users/path/Movies/anime/bakemonogatari/tvshow.nfo is unknown
D, [2011-02-26T16:00:07.959507 #10345] DEBUG -- : file /Users/path/Movies/anime/bakemonogatari/Bounty Dog - episode 1 [unknown].avi has ed2k hash 746c17d7beb11c8124bec583951215bd
D, [2011-02-26T16:00:13.688673 #10345] DEBUG -- : file /Users/path/Movies/anime/bakemonogatari/Bounty Dog - episode 1 [unknown].avi identified as {:fid=>271926, :file=>{:length=>"1778", :quality=>"high", :video_resolution=>"640x480", :source=>"LD", :sub_language=>"none", :gid=>"0", :dub_language=>"japanese", :eid=>"26772", :aid=>"1179"}, :anime=>{:type=>"OVA", :ep_romaji_name=>"", :highest_episode_number=>"2", :group_name=>"raw/unknown", :english_name=>"", :group_short_name=>"raw", :romaji_name=>"Bounty Dog: Getsumen no Ibu", :year=>"1994-1994", :epno=>"1", :ep_english_name=>"Code 1"}}
D, [2011-02-26T16:06:48.795160 #10609] DEBUG -- : file /Users/path/Movies/anime/bakemonogatari/Bounty Dog - episode 1 [unknown].avi has ed2k hash 746c17d7beb11c8124bec583951215bd
D, [2011-02-26T16:06:53.947243 #10609] DEBUG -- : file /Users/path/Movies/anime/bakemonogatari/Bounty Dog - episode 1 [unknown].avi identified as {:fid=>271926, :file=>{:length=>"1778", :quality=>"high", :video_resolution=>"640x480", :source=>"LD", :sub_language=>"none", :gid=>"0", :dub_language=>"japanese", :eid=>"26772", :aid=>"1179"}, :anime=>{:type=>"OVA", :ep_romaji_name=>"", :highest_episode_number=>"2", :group_name=>"raw/unknown", :english_name=>"", :group_short_name=>"raw", :romaji_name=>"Bounty Dog: Getsumen no Ibu", :year=>"1994-1994", :epno=>"1", :ep_english_name=>"Code 1"}}
D, [2011-02-26T16:07:07.401437 #10628] DEBUG -- : file /Users/path/Movies/anime/bakemonogatari/Bounty Dog - episode 1 [unknown].avi has ed2k hash 746c17d7beb11c8124bec583951215bd
D, [2011-02-26T16:07:12.377710 #10628] DEBUG -- : file /Users/path/Movies/anime/bakemonogatari/Bounty Dog - episode 1 [unknown].avi identified as {:fid=>271926, :file=>{:length=>"1778", :quality=>"high", :video_resolution=>"640x480", :source=>"LD", :sub_language=>"none", :gid=>"0", :dub_language=>"japanese", :eid=>"26772", :aid=>"1179"}, :anime=>{:type=>"OVA", :ep_romaji_name=>"", :highest_episode_number=>"2", :group_name=>"raw/unknown", :english_name=>"", :group_short_name=>"raw", :romaji_name=>"Bounty Dog: Getsumen no Ibu", :year=>"1994-1994", :epno=>"1", :ep_english_name=>"Code 1"}}
D, [2011-02-26T16:07:12.377835 #10628] DEBUG -- : have to rename /Users/path/Movies/anime/bakemonogatari/Bounty Dog - episode 1 [unknown].avi using Bounty Dog: Getsumen no Ibu/Bounty Dog: Getsumen no Ibu - episode 1 [raw]
D, [2011-02-26T16:07:33.380634 #10662] DEBUG -- : file /Users/path/Movies/anime/bakemonogatari/Bounty Dog - episode 1 [unknown].avi has ed2k hash 746c17d7beb11c8124bec583951215bd
D, [2011-02-26T16:07:38.488872 #10662] DEBUG -- : file /Users/path/Movies/anime/bakemonogatari/Bounty Dog - episode 1 [unknown].avi identified as {:fid=>271926, :file=>{:length=>"1778", :quality=>"high", :video_resolution=>"640x480", :source=>"LD", :sub_language=>"none", :gid=>"0", :dub_language=>"japanese", :eid=>"26772", :aid=>"1179"}, :anime=>{:type=>"OVA", :ep_romaji_name=>"", :highest_episode_number=>"2", :group_name=>"raw/unknown", :english_name=>"", :group_short_name=>"raw", :romaji_name=>"Bounty Dog: Getsumen no Ibu", :year=>"1994-1994", :epno=>"1", :ep_english_name=>"Code 1"}}
D, [2011-02-26T16:07:38.489044 #10662] DEBUG -- : have to rename /Users/path/Movies/anime/bakemonogatari/Bounty Dog - episode 1 [unknown].avi using Bounty Dog: Getsumen no Ibu/Bounty Dog: Getsumen no Ibu - episode 1 [raw]
D, [2011-02-26T16:47:58.975738 #11687] DEBUG -- : have to rename /Users/path/Movies/anime/bakemonogatari/Bounty Dog - episode 1 [unknown].avi using Bounty Dog Getsumen no Ibu/Bounty Dog Getsumen no Ibu - episode 1 [raw]
D, [2011-02-26T16:48:17.274648 #11715] DEBUG -- : have to rename /Users/path/Movies/anime/bakemonogatari/Bounty Dog - episode 1 [unknown].avi using Bounty Dog Getsumen no Ibu/Bounty Dog Getsumen no Ibu - episode 1 [raw]
D, [2011-02-26T16:50:33.191247 #11896] DEBUG -- : have to rename /Users/path/Movies/anime/bakemonogatari/Bounty Dog - episode 1 [unknown].avi using Bounty Dog Getsumen no Ibu/Bounty Dog Getsumen no Ibu - episode 1 [raw]
D, [2011-02-26T16:50:51.382890 #11899] DEBUG -- : have to rename /Users/path/Movies/anime/bakemonogatari/Bounty Dog - episode 1 [unknown].avi using Bounty Dog Getsumen no Ibu/Bounty Dog Getsumen no Ibu - episode 1 [raw]
D, [2011-02-26T17:12:41.686374 #12347] DEBUG -- : have to rename /Users/path/Movies/anime/bakemonogatari/Bounty Dog - episode 1 [unknown].avi using Bounty Dog Getsumen no Ibu/Bounty Dog Getsumen no Ibu - episode 1 [raw]
D, [2011-02-26T17:12:50.524728 #12373] DEBUG -- : have to rename /Users/path/Movies/anime/bakemonogatari/Bounty Dog - episode 1 [unknown].avi using Bounty Dog Getsumen no Ibu/Bounty Dog Getsumen no Ibu - episode 1 [raw]
D, [2011-02-26T17:13:33.927276 #12525] DEBUG -- : have to rename /Users/path/Movies/anime/bakemonogatari/Bounty Dog - episode 1 [unknown].avi using Bounty Dog Getsumen no Ibu/Bounty Dog Getsumen no Ibu - episode 1 [raw]
I, [2011-02-26T17:13:33.927777 #12525]  INFO -- : file /Users/path/Movies/IncompleteAnime/Bounty Dog Getsumen no Ibu/Bounty Dog Getsumen no Ibu - episode 1 [raw].avi already exists, cannot move
D, [2011-02-26T17:33:46.307093 #12876] DEBUG -- : have to rename /Users/path/Movies/anime/bakemonogatari/Bounty Dog Getsumen no Ibu - episode 1 [raw].avi using Bounty Dog Getsumen no Ibu/Bounty Dog Getsumen no Ibu - episode 1 [raw]
I, [2011-02-26T17:33:46.308274 #12876]  INFO -- : moving /Users/path/Movies/anime/bakemonogatari/Bounty Dog Getsumen no Ibu - episode 1 [raw].avi to /Users/path/Movies/IncompleteAnime/Bounty Dog Getsumen no Ibu/Bounty Dog Getsumen no Ibu - episode 1 [raw].avi
D, [2011-02-26T17:35:14.038628 #13010] DEBUG -- : have to rename /Users/path/Movies/anime/bakemonogatari/Bounty Dog Getsumen no Ibu - episode 1 [raw].avi using Bounty Dog Getsumen no Ibu/Bounty Dog Getsumen no Ibu - episode 1 [raw]
I, [2011-02-26T17:35:14.039841 #13010]  INFO -- : moving /Users/path/Movies/anime/bakemonogatari/Bounty Dog Getsumen no Ibu - episode 1 [raw].avi to /Users/path/Movies/IncompleteAnime/Bounty Dog Getsumen no Ibu/Bounty Dog Getsumen no Ibu - episode 1 [raw].avi
D, [2011-02-26T17:43:46.016747 #13124] DEBUG -- : have to rename /Users/path/Movies/anime/bakemonogatari/Bounty Dog Getsumen no Ibu - episode 1 [raw].avi using Bounty Dog Getsumen no Ibu/Bounty Dog Getsumen no Ibu - episode 1 [raw]
I, [2011-02-26T17:43:46.017296 #13124]  INFO -- : cannot move /Users/path/Movies/anime/bakemonogatari/Bounty Dog Getsumen no Ibu - episode 1 [raw].avi to Bounty Dog Getsumen no Ibu - episode 1 [raw].avi. Duplicate File already exists
D, [2011-02-26T17:44:09.801315 #13151] DEBUG -- : have to rename /Users/path/Movies/anime/bakemonogatari/Bounty Dog Getsumen no Ibu - episode 1 [raw].avi using Bounty Dog Getsumen no Ibu/Bounty Dog Getsumen no Ibu - episode 1 [raw]
D, [2011-02-26T17:44:39.345893 #13227] DEBUG -- : have to rename /Users/path/Movies/anime/bakemonogatari/Bounty Dog Getsumen no Ibu - episode 1 [raw].avi using Bounty Dog Getsumen no Ibu/Bounty Dog Getsumen no Ibu - episode 1 [raw]
I, [2011-02-26T17:44:39.346427 #13227]  INFO -- : cannot move /Users/path/Movies/anime/bakemonogatari/Bounty Dog Getsumen no Ibu - episode 1 [raw].avi to Bounty Dog Getsumen no Ibu - episode 1 [raw].avi. Duplicate File already exists
D, [2011-02-26T17:45:11.896124 #13279] DEBUG -- : have to rename /Users/path/Movies/anime/bakemonogatari/Bounty Dog Getsumen no Ibu - episode 1 [raw].avi using Bounty Dog Getsumen no Ibu/Bounty Dog Getsumen no Ibu - episode 1 [raw]
I, [2011-02-26T17:45:11.897647 #13279]  INFO -- : cannot move /Users/path/Movies/anime/bakemonogatari/Bounty Dog Getsumen no Ibu - episode 1 [raw].avi to Bounty Dog Getsumen no Ibu - episode 1 [raw].avi. Duplicate File already exists
D, [2011-02-26T17:45:52.576481 #13398] DEBUG -- : have to rename /Users/path/Movies/anime/bakemonogatari/Bounty Dog Getsumen no Ibu - episode 1 [raw].avi using Bounty Dog Getsumen no Ibu/Bounty Dog Getsumen no Ibu - episode 1 [raw]
I, [2011-02-26T17:45:52.577069 #13398]  INFO -- : cannot move /Users/path/Movies/anime/bakemonogatari/Bounty Dog Getsumen no Ibu - episode 1 [raw].avi to Bounty Dog Getsumen no Ibu - episode 1 [raw].avi. Duplicate File already exists
D, [2011-02-26T18:05:07.469310 #13689] DEBUG -- : have to rename /Users/path/Movies/anime/bakemonogatari/Bounty Dog Getsumen no Ibu - episode 1 [raw].avi using Bounty Dog Getsumen no Ibu/Bounty Dog Getsumen no Ibu - episode 1 [raw]
D, [2011-02-26T18:05:27.378620 #13715] DEBUG -- : have to rename /Users/path/Movies/anime/bakemonogatari/Bounty Dog Getsumen no Ibu - episode 1 [raw].avi using Bounty Dog Getsumen no Ibu/Bounty Dog Getsumen no Ibu - episode 1 [raw]
D, [2011-02-26T18:05:39.460372 #13741] DEBUG -- : have to rename /Users/path/Movies/anime/bakemonogatari/Bounty Dog Getsumen no Ibu - episode 1 [raw].avi using Bounty Dog Getsumen no Ibu/Bounty Dog Getsumen no Ibu - episode 1 [raw]
D, [2011-02-26T18:06:30.237387 #13797] DEBUG -- : have to rename /Users/path/Movies/anime/bakemonogatari/Bounty Dog Getsumen no Ibu - episode 1 [raw].avi using Bounty Dog Getsumen no Ibu/Bounty Dog Getsumen no Ibu - episode 1 [raw]
D, [2011-02-26T18:06:48.854403 #13799] DEBUG -- : have to rename /Users/path/Movies/anime/bakemonogatari/Bounty Dog Getsumen no Ibu - episode 1 [raw].avi using Bounty Dog Getsumen no Ibu/Bounty Dog Getsumen no Ibu - episode 1 [raw]
D, [2011-02-26T18:16:13.502535 #13905] DEBUG -- : have to rename /Users/path/Movies/anime/bakemonogatari/Bounty Dog Getsumen no Ibu - episode 1 [raw].avi using Bounty Dog Getsumen no Ibu/Bounty Dog Getsumen no Ibu - episode 1 [raw]
D, [2011-02-26T18:16:23.597745 #13955] DEBUG -- : have to rename /Users/path/Movies/anime/bakemonogatari/Bounty Dog Getsumen no Ibu - episode 1 [raw].avi using Bounty Dog Getsumen no Ibu/Bounty Dog Getsumen no Ibu - episode 1 [raw]
D, [2011-02-26T18:18:49.747261 #13983] DEBUG -- : have to rename /Users/path/Movies/anime/bakemonogatari/Bounty Dog Getsumen no Ibu - episode 1 [raw].avi using Bounty Dog Getsumen no Ibu/Bounty Dog Getsumen no Ibu - episode 1 [raw]
D, [2011-02-26T18:19:02.404402 #14011] DEBUG -- : have to rename /Users/path/Movies/anime/bakemonogatari/Bounty Dog Getsumen no Ibu - episode 1 [raw].avi using Bounty Dog Getsumen no Ibu/Bounty Dog Getsumen no Ibu - episode 1 [raw]
D, [2011-02-26T18:20:35.350302 #14065] DEBUG -- : have to rename /Users/path/Movies/anime/bakemonogatari/Bounty Dog Getsumen no Ibu - episode 1 [raw].avi using Bounty Dog Getsumen no Ibu/Bounty Dog Getsumen no Ibu - episode 1 [raw]
D, [2011-02-26T18:58:21.230549 #14289] DEBUG -- : have to rename /Users/path/Movies/anime/bakemonogatari/Bounty Dog Getsumen no Ibu - episode 1 [raw].avi using Bounty Dog Getsumen no Ibu/Bounty Dog Getsumen no Ibu - episode 1 [raw]
D, [2011-02-26T18:58:31.909790 #14318] DEBUG -- : have to rename /Users/path/Movies/anime/bakemonogatari/Bounty Dog Getsumen no Ibu - episode 1 [raw].avi using Bounty Dog Getsumen no Ibu/Bounty Dog Getsumen no Ibu - episode 1 [raw]
D, [2011-02-26T19:00:09.634684 #14416] DEBUG -- : have to rename /Users/path/Movies/anime/bakemonogatari/Bounty Dog Getsumen no Ibu - episode 1 [raw].avi using Bounty Dog Getsumen no Ibu/Bounty Dog Getsumen no Ibu - episode 1 [raw]
I, [2011-02-26T19:00:09.636066 #14416]  INFO -- : moving /Users/path/Movies/anime/bakemonogatari/Bounty Dog Getsumen no Ibu - episode 1 [raw].avi to /Users/path/Movies/IncompleteAnime/Bounty Dog Getsumen no Ibu/Bounty Dog Getsumen no Ibu - episode 1 [raw].avi
I, [2011-02-26T19:00:09.636668 #14416]  INFO -- : moving /Users/path/Movies/anime/bakemonogatari/Bounty Dog Getsumen no Ibu - episode 1 [raw].srt to /Users/path/Movies/IncompleteAnime/Bounty Dog Getsumen no Ibu/Bounty Dog Getsumen no Ibu - episode 1 [raw].srt
D, [2011-02-26T19:01:14.177418 #14470] DEBUG -- : have to rename /Users/path/Movies/anime/bakemonogatari/Bounty Dog Getsumen no Ibu - episode 1 [raw].avi using Bounty Dog Getsumen no Ibu/Bounty Dog Getsumen no Ibu - episode 1 [raw]
I, [2011-02-26T19:01:14.178277 #14470]  INFO -- : cannot move /Users/path/Movies/anime/bakemonogatari/Bounty Dog Getsumen no Ibu - episode 1 [raw].avi to Bounty Dog Getsumen no Ibu - episode 1 [raw].avi. Duplicate File already exists
D, [2011-02-26T19:01:37.581410 #14500] DEBUG -- : have to rename /Users/path/Movies/anime/bakemonogatari/foo.avi using Bounty Dog Getsumen no Ibu/Bounty Dog Getsumen no Ibu - episode 1 [raw]
I, [2011-02-26T19:01:37.582033 #14500]  INFO -- : cannot move /Users/path/Movies/anime/bakemonogatari/foo.avi to Bounty Dog Getsumen no Ibu - episode 1 [raw].avi. Duplicate File already exists
I, [2011-02-26T19:01:37.583050 #14500]  INFO -- : moving /Users/path/Movies/anime/bakemonogatari/foo.srt to /Users/path/Movies/IncompleteAnime/Bounty Dog Getsumen no Ibu/Bounty Dog Getsumen no Ibu - episode 1 [raw].srt
D, [2011-02-26T19:02:38.558405 #14557] DEBUG -- : have to rename /Users/path/Movies/anime/bakemonogatari/Bounty Dog Getsumen no Ibu - episode 1 [raw].avi using Bounty Dog Getsumen no Ibu/Bounty Dog Getsumen no Ibu - episode 1 [raw]
I, [2011-02-26T19:02:38.559077 #14557]  INFO -- : cannot move /Users/path/Movies/anime/bakemonogatari/Bounty Dog Getsumen no Ibu - episode 1 [raw].avi to Bounty Dog Getsumen no Ibu - episode 1 [raw].avi. Duplicate File already exists
I, [2011-02-26T19:02:38.559825 #14557]  INFO -- : cannot move /Users/path/Movies/anime/bakemonogatari/Bounty Dog Getsumen no Ibu - episode 1 [raw].srt to Bounty Dog Getsumen no Ibu - episode 1 [raw].srt. Duplicate File already exists
D, [2011-02-26T19:03:16.100912 #14561] DEBUG -- : have to rename /Users/path/Movies/anime/bakemonogatari/Bounty Dog Getsumen no Ibu - episode 1 [raw].avi using Bounty Dog Getsumen no Ibu/Bounty Dog Getsumen no Ibu - episode 1 [raw]
I, [2011-02-26T19:03:16.102064 #14561]  INFO -- : moving /Users/path/Movies/anime/bakemonogatari/Bounty Dog Getsumen no Ibu - episode 1 [raw].avi to /Users/path/Movies/IncompleteAnime/Bounty Dog Getsumen no Ibu/Bounty Dog Getsumen no Ibu - episode 1 [raw].avi
I, [2011-02-26T19:03:16.102193 #14561]  INFO -- : cannot move /Users/path/Movies/anime/bakemonogatari/Bounty Dog Getsumen no Ibu - episode 1 [raw].srt to Bounty Dog Getsumen no Ibu - episode 1 [raw].srt. Duplicate File already exists
D, [2011-02-26T21:37:23.941976 #15643] DEBUG -- : have to rename /Users/path/Movies/anime/bakemonogatari/Bounty Dog Getsumen no Ibu - episode 1 [raw].avi using Bounty Dog Getsumen no Ibu/Bounty Dog Getsumen no Ibu - episode 1 [raw]
I, [2011-02-26T21:37:24.135597 #15643]  INFO -- : moving /Users/path/Movies/anime/bakemonogatari/Bounty Dog Getsumen no Ibu - episode 1 [raw].avi to /Users/path/Movies/IncompleteAnime/Bounty Dog Getsumen no Ibu/Bounty Dog Getsumen no Ibu - episode 1 [raw].avi
I, [2011-02-26T21:37:24.136607 #15643]  INFO -- : moving /Users/path/Movies/anime/bakemonogatari/Bounty Dog Getsumen no Ibu - episode 1 [raw].srt to /Users/path/Movies/IncompleteAnime/Bounty Dog Getsumen no Ibu/Bounty Dog Getsumen no Ibu - episode 1 [raw].srt
D, [2011-02-26T21:38:30.466550 #15731] DEBUG -- : file /Users/path/Movies/anime/bakemonogatari/Bounty Dog Getsumen no Ibu/Bounty Dog Getsumen no Ibu - episode 1 [raw].avi has ed2k hash 746c17d7beb11c8124bec583951215bd
D, [2011-02-26T21:38:35.774399 #15731] DEBUG -- : file /Users/path/Movies/anime/bakemonogatari/Bounty Dog Getsumen no Ibu/Bounty Dog Getsumen no Ibu - episode 1 [raw].avi identified as {:file=>{:sub_language=>"none", :length=>"1778", :dub_language=>"japanese", :aid=>"1179", :source=>"LD", :quality=>"high", :gid=>"0", :video_resolution=>"640x480", :eid=>"26772"}, :fid=>271926, :anime=>{:type=>"OVA", :epno=>"1", :ep_english_name=>"Code 1", :ep_romaji_name=>"", :year=>"1994-1994", :highest_episode_number=>"2", :group_name=>"raw/unknown", :english_name=>"", :group_short_name=>"raw", :romaji_name=>"Bounty Dog: Getsumen no Ibu"}}
D, [2011-02-26T21:38:35.774816 #15731] DEBUG -- : have to rename /Users/path/Movies/anime/bakemonogatari/Bounty Dog Getsumen no Ibu/Bounty Dog Getsumen no Ibu - episode 1 [raw].avi using Bounty Dog Getsumen no Ibu/Bounty Dog Getsumen no Ibu - episode 1 [raw]
I, [2011-02-26T21:38:35.776380 #15731]  INFO -- : moving /Users/path/Movies/anime/bakemonogatari/Bounty Dog Getsumen no Ibu/Bounty Dog Getsumen no Ibu - episode 1 [raw].avi to /Users/path/Movies/IncompleteAnime/Bounty Dog Getsumen no Ibu/Bounty Dog Getsumen no Ibu - episode 1 [raw].avi
I, [2011-02-26T21:38:35.847408 #15731]  INFO -- : moving /Users/path/Movies/anime/bakemonogatari/Bounty Dog Getsumen no Ibu/Bounty Dog Getsumen no Ibu - episode 1 [raw].srt to /Users/path/Movies/IncompleteAnime/Bounty Dog Getsumen no Ibu/Bounty Dog Getsumen no Ibu - episode 1 [raw].srt
D, [2011-02-26T21:47:18.897926 #16283] DEBUG -- : file /Users/path/Movies/anime/bakemonogatari/[a-classic]_Big_Battle_OP.avi has ed2k hash 8f48e8bb26d97df44f96faacd4993de4
D, [2011-02-26T21:47:25.748073 #16283] DEBUG -- : file /Users/path/Movies/anime/bakemonogatari/[a-classic]_Big_Battle_OP.avi identified as nil
I, [2011-02-26T21:47:25.785725 #16283]  INFO -- : file /Users/path/Movies/anime/bakemonogatari/[a-classic]_Big_Battle_OP.avi is unknown
D, [2011-02-26T21:47:30.406630 #16283] DEBUG -- : file /Users/path/Movies/anime/bakemonogatari/[gg]_Bakemonogatari_-_05_[DCE35CB6].mkv has ed2k hash 77fbac4eb384c58b3ebf9da215185248
D, [2011-02-26T21:47:33.124217 #16283] DEBUG -- : file /Users/path/Movies/anime/bakemonogatari/[gg]_Bakemonogatari_-_05_[DCE35CB6].mkv identified as {:file=>{:sub_language=>"english", :length=>"1450", :dub_language=>"japanese", :aid=>"6327", :source=>"HDTV", :quality=>"very high", :gid=>"2812", :video_resolution=>"1280x720", :eid=>"105499"}, :fid=>620160, :anime=>{:type=>"TV Series", :epno=>"05", :ep_english_name=>"Mayoi Snail - Part 3", :ep_romaji_name=>"Mayoi Maimai Sono San", :year=>"2009-2009", :highest_episode_number=>"12", :group_name=>"gg", :english_name=>"", :group_short_name=>"gg", :romaji_name=>"Bakemonogatari"}}
D, [2011-02-26T21:47:33.139653 #16283] DEBUG -- : have to rename /Users/path/Movies/anime/bakemonogatari/[gg]_Bakemonogatari_-_05_[DCE35CB6].mkv using Bakemonogatari/Bakemonogatari - episode 05 [gg]
I, [2011-02-26T21:47:33.182183 #16283]  INFO -- : moving /Users/path/Movies/anime/bakemonogatari/[gg]_Bakemonogatari_-_05_[DCE35CB6].mkv to /Users/path/Movies/IncompleteAnime/Bakemonogatari/Bakemonogatari - episode 05 [gg].mkv
D, [2011-02-26T21:47:37.059059 #16283] DEBUG -- : file /Users/path/Movies/anime/bakemonogatari/[gg]_Bakemonogatari_-_06_[C0D344D1].mkv has ed2k hash a4e55cf59f432ff4ac62ff353a313fd3
D, [2011-02-26T21:47:39.593314 #16283] DEBUG -- : file /Users/path/Movies/anime/bakemonogatari/[gg]_Bakemonogatari_-_06_[C0D344D1].mkv identified as {:file=>{:sub_language=>"english", :length=>"1450", :dub_language=>"japanese", :aid=>"6327", :source=>"HDTV", :quality=>"very high", :gid=>"2812", :video_resolution=>"1280x720", :eid=>"105714"}, :fid=>623413, :anime=>{:type=>"TV Series", :epno=>"06", :ep_english_name=>"Suruga Monkey - Part 1", :ep_romaji_name=>"Suruga Monkey Sono Ichi", :year=>"2009-2009", :highest_episode_number=>"12", :group_name=>"gg", :english_name=>"", :group_short_name=>"gg", :romaji_name=>"Bakemonogatari"}}
D, [2011-02-26T21:47:39.594605 #16283] DEBUG -- : have to rename /Users/path/Movies/anime/bakemonogatari/[gg]_Bakemonogatari_-_06_[C0D344D1].mkv using Bakemonogatari/Bakemonogatari - episode 06 [gg]
I, [2011-02-26T21:47:39.647932 #16283]  INFO -- : moving /Users/path/Movies/anime/bakemonogatari/[gg]_Bakemonogatari_-_06_[C0D344D1].mkv to /Users/path/Movies/IncompleteAnime/Bakemonogatari/Bakemonogatari - episode 06 [gg].mkv
D, [2011-02-26T21:47:48.334214 #16283] DEBUG -- : file /Users/path/Movies/anime/bakemonogatari/[gg]_Bakemonogatari_-_07_[D36999C8].mkv has ed2k hash 88e845acedb03d0f4380664590b0f7d8
D, [2011-02-26T21:47:49.207497 #16283] DEBUG -- : file /Users/path/Movies/anime/bakemonogatari/[a-classic]_Big_Battle_OP.avi has ed2k hash 8f48e8bb26d97df44f96faacd4993de4
D, [2011-02-26T21:47:50.901438 #16283] DEBUG -- : file /Users/path/Movies/anime/bakemonogatari/[gg]_Bakemonogatari_-_07_[D36999C8].mkv identified as {:file=>{:sub_language=>"english", :length=>"1465", :dub_language=>"japanese", :aid=>"6327", :source=>"HDTV", :quality=>"very high", :gid=>"2812", :video_resolution=>"1280x720", :eid=>"105713"}, :fid=>628929, :anime=>{:type=>"TV Series", :epno=>"07", :ep_english_name=>"Suruga Monkey - Part 2", :ep_romaji_name=>"Suruga Monkey Sono Ni", :year=>"2009-2009", :highest_episode_number=>"12", :group_name=>"gg", :english_name=>"", :group_short_name=>"gg", :romaji_name=>"Bakemonogatari"}}
D, [2011-02-26T21:47:50.901690 #16283] DEBUG -- : have to rename /Users/path/Movies/anime/bakemonogatari/[gg]_Bakemonogatari_-_07_[D36999C8].mkv using Bakemonogatari/Bakemonogatari - episode 07 [gg]
I, [2011-02-26T21:47:50.932959 #16283]  INFO -- : moving /Users/path/Movies/anime/bakemonogatari/[gg]_Bakemonogatari_-_07_[D36999C8].mkv to /Users/path/Movies/IncompleteAnime/Bakemonogatari/Bakemonogatari - episode 07 [gg].mkv
D, [2011-02-26T21:47:53.629010 #16283] DEBUG -- : file /Users/path/Movies/anime/bakemonogatari/[a-classic]_Big_Battle_OP.avi identified as nil
I, [2011-02-26T21:47:53.630063 #16283]  INFO -- : file /Users/path/Movies/anime/bakemonogatari/[a-classic]_Big_Battle_OP.avi is unknown
D, [2011-02-26T21:48:05.817985 #16283] DEBUG -- : file /Users/path/Movies/anime/bakemonogatari/Bounty Dog Getsumen no Ibu/Bounty Dog Getsumen no Ibu - episode 1 [raw].avi has ed2k hash 746c17d7beb11c8124bec583951215bd
D, [2011-02-26T21:51:01.327891 #16375] DEBUG -- : file /Users/path/Movies/anime/bakemonogatari/[a-classic]_Big_Battle_OP.avi has ed2k hash 8f48e8bb26d97df44f96faacd4993de4
D, [2011-02-26T21:51:06.538979 #16375] DEBUG -- : file /Users/path/Movies/anime/bakemonogatari/[a-classic]_Big_Battle_OP.avi identified as nil
I, [2011-02-26T21:51:06.539356 #16375]  INFO -- : file /Users/path/Movies/anime/bakemonogatari/[a-classic]_Big_Battle_OP.avi is unknown
D, [2011-02-26T21:51:13.155705 #16375] DEBUG -- : file /Users/path/Movies/anime/bakemonogatari/Bounty Dog Getsumen no Ibu/Bounty Dog Getsumen no Ibu - episode 1 [raw].avi has ed2k hash 746c17d7beb11c8124bec583951215bd
D, [2011-02-26T21:51:16.007092 #16375] DEBUG -- : file /Users/path/Movies/anime/bakemonogatari/Bounty Dog Getsumen no Ibu/Bounty Dog Getsumen no Ibu - episode 1 [raw].avi identified as {:file=>{:sub_language=>"none", :length=>"1778", :dub_language=>"japanese", :aid=>"1179", :source=>"LD", :quality=>"high", :gid=>"0", :video_resolution=>"640x480", :eid=>"26772"}, :fid=>271926, :anime=>{:type=>"OVA", :epno=>"1", :ep_english_name=>"Code 1", :ep_romaji_name=>"", :year=>"1994-1994", :highest_episode_number=>"2", :group_name=>"raw/unknown", :english_name=>"", :group_short_name=>"raw", :romaji_name=>"Bounty Dog: Getsumen no Ibu"}}
D, [2011-02-26T21:51:16.007455 #16375] DEBUG -- : have to rename /Users/path/Movies/anime/bakemonogatari/Bounty Dog Getsumen no Ibu/Bounty Dog Getsumen no Ibu - episode 1 [raw].avi using Bounty Dog Getsumen no Ibu/Bounty Dog Getsumen no Ibu - episode 1 [raw]
I, [2011-02-26T21:51:16.030723 #16375]  INFO -- : moving /Users/path/Movies/anime/bakemonogatari/Bounty Dog Getsumen no Ibu/Bounty Dog Getsumen no Ibu - episode 1 [raw].avi to /Users/path/Movies/IncompleteAnime/Bounty Dog Getsumen no Ibu/Bounty Dog Getsumen no Ibu - episode 1 [raw].avi
I, [2011-02-26T21:51:16.031551 #16375]  INFO -- : moving /Users/path/Movies/anime/bakemonogatari/Bounty Dog Getsumen no Ibu/Bounty Dog Getsumen no Ibu - episode 1 [raw].srt to /Users/path/Movies/IncompleteAnime/Bounty Dog Getsumen no Ibu/Bounty Dog Getsumen no Ibu - episode 1 [raw].srt
D, [2011-02-26T21:51:20.184766 #16375] DEBUG -- : file /Users/path/Movies/anime/bakemonogatari/Bakemonogatari - episode 05 [gg].mkv has ed2k hash 77fbac4eb384c58b3ebf9da215185248
D, [2011-02-26T21:51:22.943373 #16375] DEBUG -- : file /Users/path/Movies/anime/bakemonogatari/Bakemonogatari - episode 05 [gg].mkv identified as {:file=>{:sub_language=>"english", :length=>"1450", :dub_language=>"japanese", :aid=>"6327", :source=>"HDTV", :quality=>"very high", :gid=>"2812", :video_resolution=>"1280x720", :eid=>"105499"}, :fid=>620160, :anime=>{:type=>"TV Series", :epno=>"05", :ep_english_name=>"Mayoi Snail - Part 3", :ep_romaji_name=>"Mayoi Maimai Sono San", :year=>"2009-2009", :highest_episode_number=>"12", :group_name=>"gg", :english_name=>"", :group_short_name=>"gg", :romaji_name=>"Bakemonogatari"}}
D, [2011-02-26T21:51:22.943713 #16375] DEBUG -- : have to rename /Users/path/Movies/anime/bakemonogatari/Bakemonogatari - episode 05 [gg].mkv using Bakemonogatari/Bakemonogatari - episode 05 [gg]
I, [2011-02-26T21:51:23.002808 #16375]  INFO -- : moving /Users/path/Movies/anime/bakemonogatari/Bakemonogatari - episode 05 [gg].mkv to /Users/path/Movies/IncompleteAnime/Bakemonogatari/Bakemonogatari - episode 05 [gg].mkv
D, [2011-02-26T21:51:27.795650 #16375] DEBUG -- : file /Users/path/Movies/anime/bakemonogatari/Bakemonogatari - episode 06 [gg].mkv has ed2k hash a4e55cf59f432ff4ac62ff353a313fd3
D, [2011-02-26T21:51:30.428038 #16375] DEBUG -- : file /Users/path/Movies/anime/bakemonogatari/Bakemonogatari - episode 06 [gg].mkv identified as {:file=>{:sub_language=>"english", :length=>"1450", :dub_language=>"japanese", :aid=>"6327", :source=>"HDTV", :quality=>"very high", :gid=>"2812", :video_resolution=>"1280x720", :eid=>"105714"}, :fid=>623413, :anime=>{:type=>"TV Series", :epno=>"06", :ep_english_name=>"Suruga Monkey - Part 1", :ep_romaji_name=>"Suruga Monkey Sono Ichi", :year=>"2009-2009", :highest_episode_number=>"12", :group_name=>"gg", :english_name=>"", :group_short_name=>"gg", :romaji_name=>"Bakemonogatari"}}
D, [2011-02-26T21:51:30.428291 #16375] DEBUG -- : have to rename /Users/path/Movies/anime/bakemonogatari/Bakemonogatari - episode 06 [gg].mkv using Bakemonogatari/Bakemonogatari - episode 06 [gg]
I, [2011-02-26T21:51:30.429225 #16375]  INFO -- : moving /Users/path/Movies/anime/bakemonogatari/Bakemonogatari - episode 06 [gg].mkv to /Users/path/Movies/IncompleteAnime/Bakemonogatari/Bakemonogatari - episode 06 [gg].mkv
D, [2011-02-26T21:51:35.167199 #16375] DEBUG -- : file /Users/path/Movies/anime/bakemonogatari/Bakemonogatari - episode 07 [gg].mkv has ed2k hash 88e845acedb03d0f4380664590b0f7d8
D, [2011-02-26T21:51:37.696460 #16375] DEBUG -- : file /Users/path/Movies/anime/bakemonogatari/Bakemonogatari - episode 07 [gg].mkv identified as {:file=>{:sub_language=>"english", :length=>"1465", :dub_language=>"japanese", :aid=>"6327", :source=>"HDTV", :quality=>"very high", :gid=>"2812", :video_resolution=>"1280x720", :eid=>"105713"}, :fid=>628929, :anime=>{:type=>"TV Series", :epno=>"07", :ep_english_name=>"Suruga Monkey - Part 2", :ep_romaji_name=>"Suruga Monkey Sono Ni", :year=>"2009-2009", :highest_episode_number=>"12", :group_name=>"gg", :english_name=>"", :group_short_name=>"gg", :romaji_name=>"Bakemonogatari"}}
D, [2011-02-26T21:51:37.696669 #16375] DEBUG -- : have to rename /Users/path/Movies/anime/bakemonogatari/Bakemonogatari - episode 07 [gg].mkv using Bakemonogatari/Bakemonogatari - episode 07 [gg]
I, [2011-02-26T21:51:37.697507 #16375]  INFO -- : moving /Users/path/Movies/anime/bakemonogatari/Bakemonogatari - episode 07 [gg].mkv to /Users/path/Movies/IncompleteAnime/Bakemonogatari/Bakemonogatari - episode 07 [gg].mkv
I, [2011-02-26T21:59:47.772878 #17022]  INFO -- : file /Users/path/Movies/anime/bakemonogatari/[a-classic]_Big_Battle_OP.avi is unknown
I, [2011-02-26T22:01:04.115683 #17181]  INFO -- : file /Users/path/Movies/anime/bakemonogatari/[a-classic]_Big_Battle_OP.avi is unknown
D, [2011-02-26T22:03:39.397667 #17373] DEBUG -- : thtnehun
D, [2011-02-26T22:05:46.415467 #17640] DEBUG -- : file /Users/path/Movies/anime/bakemonogatari/[a-classic]_Big_Battle_OP.avi has ed2k hash 8f48e8bb26d97df44f96faacd4993de4
D, [2011-02-26T22:05:51.469066 #17640] DEBUG -- : file /Users/path/Movies/anime/bakemonogatari/[a-classic]_Big_Battle_OP.avi identified as nil
I, [2011-02-26T22:05:51.469325 #17640]  INFO -- : file /Users/path/Movies/anime/bakemonogatari/[a-classic]_Big_Battle_OP.avi is unknown
D, [2011-02-26T22:22:12.773192 #18416] DEBUG -- : file /Users/path/Movies/anime/bakemonogatari/[a-classic]_Big_Battle_OP.avi has ed2k hash 8f48e8bb26d97df44f96faacd4993de4
D, [2011-02-26T22:22:18.338487 #18416] DEBUG -- : file /Users/path/Movies/anime/bakemonogatari/[a-classic]_Big_Battle_OP.avi identified as nil
I, [2011-02-26T22:22:18.408385 #18416]  INFO -- : file /Users/path/Movies/anime/bakemonogatari/[a-classic]_Big_Battle_OP.avi is unknown
D, [2011-02-26T22:22:27.489748 #18416] DEBUG -- : file /Users/path/Movies/anime/bakemonogatari/Bakemonogatari - episode 05 [gg].mkv has ed2k hash 77fbac4eb384c58b3ebf9da215185248
D, [2011-02-26T22:22:30.345241 #18416] DEBUG -- : file /Users/path/Movies/anime/bakemonogatari/Bakemonogatari - episode 05 [gg].mkv identified as {:anime=>{:ep_english_name=>"Mayoi Snail - Part 3", :type=>"TV Series", :ep_romaji_name=>"Mayoi Maimai Sono San", :highest_episode_number=>"12", :group_name=>"gg", :english_name=>"", :group_short_name=>"gg", :year=>"2009-2009", :romaji_name=>"Bakemonogatari", :epno=>"05"}, :file=>{:aid=>"6327", :length=>"1450", :quality=>"very high", :source=>"HDTV", :video_resolution=>"1280x720", :gid=>"2812", :sub_language=>"english", :eid=>"105499", :dub_language=>"japanese"}, :fid=>620160}
D, [2011-02-26T22:22:30.345445 #18416] DEBUG -- : adding /Users/path/Movies/anime/bakemonogatari/Bakemonogatari - episode 05 [gg].mkv to mylist
D, [2011-02-26T22:22:32.892385 #18416] DEBUG -- : have to rename /Users/path/Movies/anime/bakemonogatari/Bakemonogatari - episode 05 [gg].mkv using Bakemonogatari/Bakemonogatari - episode 05 [gg]
I, [2011-02-26T22:22:33.065449 #18416]  INFO -- : moving /Users/path/Movies/anime/bakemonogatari/Bakemonogatari - episode 05 [gg].mkv to /Users/path/Movies/IncompleteAnime/Bakemonogatari/Bakemonogatari - episode 05 [gg].mkv
D, [2011-02-26T22:22:40.600776 #18416] DEBUG -- : file /Users/path/Movies/anime/bakemonogatari/Bakemonogatari - episode 06 [gg].mkv has ed2k hash a4e55cf59f432ff4ac62ff353a313fd3
D, [2011-02-26T22:22:43.147185 #18416] DEBUG -- : file /Users/path/Movies/anime/bakemonogatari/Bakemonogatari - episode 06 [gg].mkv identified as {:anime=>{:ep_english_name=>"Suruga Monkey - Part 1", :type=>"TV Series", :ep_romaji_name=>"Suruga Monkey Sono Ichi", :highest_episode_number=>"12", :group_name=>"gg", :english_name=>"", :group_short_name=>"gg", :year=>"2009-2009", :romaji_name=>"Bakemonogatari", :epno=>"06"}, :file=>{:aid=>"6327", :length=>"1450", :quality=>"very high", :source=>"HDTV", :video_resolution=>"1280x720", :gid=>"2812", :sub_language=>"english", :eid=>"105714", :dub_language=>"japanese"}, :fid=>623413}
D, [2011-02-26T22:22:43.147319 #18416] DEBUG -- : adding /Users/path/Movies/anime/bakemonogatari/Bakemonogatari - episode 06 [gg].mkv to mylist
D, [2011-02-26T22:22:45.673941 #18416] DEBUG -- : have to rename /Users/path/Movies/anime/bakemonogatari/Bakemonogatari - episode 06 [gg].mkv using Bakemonogatari/Bakemonogatari - episode 06 [gg]
I, [2011-02-26T22:22:45.674976 #18416]  INFO -- : moving /Users/path/Movies/anime/bakemonogatari/Bakemonogatari - episode 06 [gg].mkv to /Users/path/Movies/IncompleteAnime/Bakemonogatari/Bakemonogatari - episode 06 [gg].mkv
